<?xml version="1.0" encoding="UTF-8"?>
<!-- Generated by org.testng.reporters.JUnitReportReporter -->
<testsuite skipped="0" hostname="zalena" name="GridTest.ChromeGridTest" tests="1" failures="0" timestamp="04 Mar 2019 14:31:15 GMT" time="0.697" errors="0">
  <testcase name="getTitleTest" time="0.697" classname="GridTest.ChromeGridTest"/>
</testsuite> <!-- GridTest.ChromeGridTest -->
